0 verbose cli C:\Program Files\nodejs\node.exe C:\Users\Edu\AppData\Roaming\npm\node_modules\npm\bin\npm-cli.js
1 info using npm@9.8.1
2 info using node@v18.17.0
3 timing npm:load:whichnode Completed in 2ms
4 timing config:load:defaults Completed in 1ms
5 timing config:load:file:C:\Users\Edu\AppData\Roaming\npm\node_modules\npm\npmrc Completed in 3ms
6 timing config:load:builtin Completed in 3ms
7 timing config:load:cli Completed in 2ms
8 timing config:load:env Completed in 0ms
9 timing config:load:file:c:\Users\Edu\www\talesludos-api\caminho-para-novo-diretorio\_npx\e5196fa6dc3cecbc\.npmrc Completed in 0ms
10 timing config:load:project Completed in 1ms
11 timing config:load:file:C:\Users\Edu\.npmrc Completed in 1ms
12 timing config:load:user Completed in 1ms
13 timing config:load:file:c:\Users\Edu\www\talesludos-api\caminho-para-novo-diretorio\_npx\e5196fa6dc3cecbc\etc\npmrc Completed in 0ms
14 timing config:load:global Completed in 0ms
15 timing config:load:setEnvs Completed in 1ms
16 timing config:load Completed in 9ms
17 timing npm:load:configload Completed in 9ms
18 timing config:load:flatten Completed in 2ms
19 timing npm:load:mkdirpcache Completed in 0ms
20 timing npm:load:mkdirplogs Completed in 0ms
21 verbose title npm i
22 verbose argv "i" "--package-lock-only" "--prefix" "c:/Users/Edu/www/talesludos-api/caminho-para-novo-diretorio/_npx/e5196fa6dc3cecbc"
23 timing npm:load:setTitle Completed in 1ms
24 timing npm:load:display Completed in 0ms
25 verbose logfile logs-max:10 dir:c:\Users\Edu\www\talesludos-api\caminho-para-novo-diretorio\_npx\e5196fa6dc3cecbc\caminho-para-novo-diretorio\_logs\2025-04-23T17_17_51_697Z-
26 verbose logfile c:\Users\Edu\www\talesludos-api\caminho-para-novo-diretorio\_npx\e5196fa6dc3cecbc\caminho-para-novo-diretorio\_logs\2025-04-23T17_17_51_697Z-debug-0.log
27 timing npm:load:logFile Completed in 9ms
28 timing npm:load:timers Completed in 0ms
29 timing npm:load:configScope Completed in 0ms
30 timing npm:load Completed in 41ms
31 timing arborist:ctor Completed in 1ms
32 timing idealTree:init Completed in 67ms
33 timing idealTree:userRequests Completed in 2ms
34 silly idealTree buildDeps
35 silly logfile done cleaning log files
36 silly placeDep ROOT undefined@ OK for:  want: file:
37 timing idealTree:#root Completed in 5ms
38 timing idealTree:node_modules/undefined Completed in 0ms
39 timing idealTree:buildDeps Completed in 7ms
40 timing idealTree:fixDepFlags Completed in 0ms
41 timing idealTree Completed in 78ms
42 timing reify:loadTrees Completed in 79ms
43 silly audit bulk request {
43 silly audit   'ansi-styles': [ '4.3.0' ],
43 silly audit   async: [ '3.2.6' ],
43 silly audit   'basic-auth': [ '2.0.1' ],
43 silly audit   'call-bind-apply-helpers': [ '1.0.2' ],
43 silly audit   'call-bound': [ '1.0.4' ],
43 silly audit   chalk: [ '4.1.2' ],
43 silly audit   'color-convert': [ '2.0.1' ],
43 silly audit   'color-name': [ '1.1.4' ],
43 silly audit   corser: [ '2.0.1' ],
43 silly audit   debug: [ '4.4.0' ],
43 silly audit   'dunder-proto': [ '1.0.1' ],
43 silly audit   'es-define-property': [ '1.0.1' ],
43 silly audit   'es-errors': [ '1.3.0' ],
43 silly audit   'es-object-atoms': [ '1.1.1' ],
43 silly audit   eventemitter3: [ '4.0.7' ],
43 silly audit   'follow-redirects': [ '1.15.9' ],
43 silly audit   'function-bind': [ '1.1.2' ],
43 silly audit   'get-intrinsic': [ '1.3.0' ],
43 silly audit   'get-proto': [ '1.0.1' ],
43 silly audit   gopd: [ '1.2.0' ],
43 silly audit   'has-flag': [ '4.0.0' ],
43 silly audit   'has-symbols': [ '1.1.0' ],
43 silly audit   hasown: [ '2.0.2' ],
43 silly audit   he: [ '1.2.0' ],
43 silly audit   'html-encoding-sniffer': [ '3.0.0' ],
43 silly audit   'http-proxy': [ '1.18.1' ],
43 silly audit   'http-server': [ '14.1.1' ],
43 silly audit   'iconv-lite': [ '0.6.3' ],
43 silly audit   'math-intrinsics': [ '1.1.0' ],
43 silly audit   mime: [ '1.6.0' ],
43 silly audit   minimist: [ '1.2.8' ],
43 silly audit   ms: [ '2.1.3' ],
43 silly audit   'object-inspect': [ '1.13.4' ],
43 silly audit   opener: [ '1.5.2' ],
43 silly audit   portfinder: [ '1.0.36' ],
43 silly audit   qs: [ '6.14.0' ],
43 silly audit   'requires-port': [ '1.0.0' ],
43 silly audit   'safe-buffer': [ '5.1.2' ],
43 silly audit   'safer-buffer': [ '2.1.2' ],
43 silly audit   'secure-compare': [ '3.0.1' ],
43 silly audit   'side-channel': [ '1.1.0' ],
43 silly audit   'side-channel-list': [ '1.0.0' ],
43 silly audit   'side-channel-map': [ '1.0.1' ],
43 silly audit   'side-channel-weakmap': [ '1.0.2' ],
43 silly audit   'supports-color': [ '7.2.0' ],
43 silly audit   union: [ '0.5.0' ],
43 silly audit   'url-join': [ '4.0.1' ],
43 silly audit   'whatwg-encoding': [ '2.0.0' ]
43 silly audit }
44 timing command:i Completed in 89ms
45 verbose stack TypeError: Cannot read properties of undefined (reading 'spec')
45 verbose stack     at updateNodes (C:\Users\Edu\AppData\Roaming\npm\node_modules\npm\node_modules\@npmcli\arborist\lib\arborist\reify.js:1236:44)
45 verbose stack     at [saveIdealTree] (C:\Users\Edu\AppData\Roaming\npm\node_modules\npm\node_modules\@npmcli\arborist\lib\arborist\reify.js:1405:11)
45 verbose stack     at Arborist.reify (C:\Users\Edu\AppData\Roaming\npm\node_modules\npm\node_modules\@npmcli\arborist\lib\arborist\reify.js:176:31)
45 verbose stack     at async Install.exec (C:\Users\Edu\AppData\Roaming\npm\node_modules\npm\lib\commands\install.js:149:5)
45 verbose stack     at async module.exports (C:\Users\Edu\AppData\Roaming\npm\node_modules\npm\lib\cli-entry.js:61:5)
46 verbose cwd c:\Users\Edu\www\talesludos-api\caminho-para-novo-diretorio\_npx\e5196fa6dc3cecbc
47 verbose Windows_NT 10.0.19045
48 verbose node v18.17.0
49 verbose npm  v9.8.1
50 error Cannot read properties of undefined (reading 'spec')
51 verbose exit 1
52 timing npm Completed in 394ms
53 verbose unfinished npm timer reify 1745428672001
54 verbose unfinished npm timer reify:audit 1745428672080
55 verbose unfinished npm timer auditReport:getReport 1745428672081
56 verbose unfinished npm timer reify:save 1745428672086
57 verbose code 1
58 error A complete log of this run can be found in: c:\Users\Edu\www\talesludos-api\caminho-para-novo-diretorio\_npx\e5196fa6dc3cecbc\caminho-para-novo-diretorio\_logs\2025-04-23T17_17_51_697Z-debug-0.log
