0 verbose cli C:\Program Files\nodejs\node.exe C:\Users\Edu\AppData\Roaming\npm\node_modules\npm\bin\npm-cli.js
1 info using npm@9.8.1
2 info using node@v18.17.0
3 timing npm:load:whichnode Completed in 2ms
4 timing config:load:defaults Completed in 2ms
5 timing config:load:file:C:\Users\Edu\AppData\Roaming\npm\node_modules\npm\npmrc Completed in 2ms
6 timing config:load:builtin Completed in 2ms
7 timing config:load:cli Completed in 1ms
8 timing config:load:env Completed in 1ms
9 timing config:load:file:c:\Users\Edu\www\talesludos-api\caminho-para-novo-diretorio\_npx\e5196fa6dc3cecbc\.npmrc Completed in 0ms
10 timing config:load:project Completed in 1ms
11 timing config:load:file:C:\Users\Edu\.npmrc Completed in 0ms
12 timing config:load:user Completed in 0ms
13 timing config:load:file:c:\Users\Edu\www\talesludos-api\caminho-para-novo-diretorio\_npx\e5196fa6dc3cecbc\etc\npmrc Completed in 0ms
14 timing config:load:global Completed in 0ms
15 timing config:load:setEnvs Completed in 1ms
16 timing config:load Completed in 10ms
17 timing npm:load:configload Completed in 10ms
18 timing config:load:flatten Completed in 2ms
19 timing npm:load:mkdirpcache Completed in 0ms
20 timing npm:load:mkdirplogs Completed in 0ms
21 verbose title npm i
22 verbose argv "i" "--package-lock-only" "--prefix" "c:/Users/Edu/www/talesludos-api/caminho-para-novo-diretorio/_npx/e5196fa6dc3cecbc"
23 timing npm:load:setTitle Completed in 1ms
24 timing npm:load:display Completed in 1ms
25 verbose logfile logs-max:10 dir:c:\Users\Edu\www\talesludos-api\caminho-para-novo-diretorio\_npx\e5196fa6dc3cecbc\caminho-para-novo-diretorio\_logs\2025-04-26T17_01_30_897Z-
26 verbose logfile c:\Users\Edu\www\talesludos-api\caminho-para-novo-diretorio\_npx\e5196fa6dc3cecbc\caminho-para-novo-diretorio\_logs\2025-04-26T17_01_30_897Z-debug-0.log
27 timing npm:load:logFile Completed in 7ms
28 timing npm:load:timers Completed in 0ms
29 timing npm:load:configScope Completed in 0ms
30 timing npm:load Completed in 43ms
31 timing arborist:ctor Completed in 1ms
32 timing idealTree:init Completed in 71ms
33 silly logfile start cleaning logs, removing 1 files
34 timing idealTree:userRequests Completed in 5ms
35 silly idealTree buildDeps
36 silly logfile done cleaning log files
37 silly placeDep ROOT undefined@ OK for:  want: file:
38 timing idealTree:#root Completed in 6ms
39 timing idealTree:node_modules/undefined Completed in 0ms
40 timing idealTree:buildDeps Completed in 6ms
41 timing idealTree:fixDepFlags Completed in 0ms
42 timing idealTree Completed in 84ms
43 timing reify:loadTrees Completed in 85ms
44 silly audit bulk request {
44 silly audit   'ansi-styles': [ '4.3.0' ],
44 silly audit   async: [ '3.2.6' ],
44 silly audit   'basic-auth': [ '2.0.1' ],
44 silly audit   'call-bind-apply-helpers': [ '1.0.2' ],
44 silly audit   'call-bound': [ '1.0.4' ],
44 silly audit   chalk: [ '4.1.2' ],
44 silly audit   'color-convert': [ '2.0.1' ],
44 silly audit   'color-name': [ '1.1.4' ],
44 silly audit   corser: [ '2.0.1' ],
44 silly audit   debug: [ '4.4.0' ],
44 silly audit   'dunder-proto': [ '1.0.1' ],
44 silly audit   'es-define-property': [ '1.0.1' ],
44 silly audit   'es-errors': [ '1.3.0' ],
44 silly audit   'es-object-atoms': [ '1.1.1' ],
44 silly audit   eventemitter3: [ '4.0.7' ],
44 silly audit   'follow-redirects': [ '1.15.9' ],
44 silly audit   'function-bind': [ '1.1.2' ],
44 silly audit   'get-intrinsic': [ '1.3.0' ],
44 silly audit   'get-proto': [ '1.0.1' ],
44 silly audit   gopd: [ '1.2.0' ],
44 silly audit   'has-flag': [ '4.0.0' ],
44 silly audit   'has-symbols': [ '1.1.0' ],
44 silly audit   hasown: [ '2.0.2' ],
44 silly audit   he: [ '1.2.0' ],
44 silly audit   'html-encoding-sniffer': [ '3.0.0' ],
44 silly audit   'http-proxy': [ '1.18.1' ],
44 silly audit   'http-server': [ '14.1.1' ],
44 silly audit   'iconv-lite': [ '0.6.3' ],
44 silly audit   'math-intrinsics': [ '1.1.0' ],
44 silly audit   mime: [ '1.6.0' ],
44 silly audit   minimist: [ '1.2.8' ],
44 silly audit   ms: [ '2.1.3' ],
44 silly audit   'object-inspect': [ '1.13.4' ],
44 silly audit   opener: [ '1.5.2' ],
44 silly audit   portfinder: [ '1.0.36' ],
44 silly audit   qs: [ '6.14.0' ],
44 silly audit   'requires-port': [ '1.0.0' ],
44 silly audit   'safe-buffer': [ '5.1.2' ],
44 silly audit   'safer-buffer': [ '2.1.2' ],
44 silly audit   'secure-compare': [ '3.0.1' ],
44 silly audit   'side-channel': [ '1.1.0' ],
44 silly audit   'side-channel-list': [ '1.0.0' ],
44 silly audit   'side-channel-map': [ '1.0.1' ],
44 silly audit   'side-channel-weakmap': [ '1.0.2' ],
44 silly audit   'supports-color': [ '7.2.0' ],
44 silly audit   union: [ '0.5.0' ],
44 silly audit   'url-join': [ '4.0.1' ],
44 silly audit   'whatwg-encoding': [ '2.0.0' ]
44 silly audit }
45 timing command:i Completed in 95ms
46 verbose stack TypeError: Cannot read properties of undefined (reading 'spec')
46 verbose stack     at updateNodes (C:\Users\Edu\AppData\Roaming\npm\node_modules\npm\node_modules\@npmcli\arborist\lib\arborist\reify.js:1236:44)
46 verbose stack     at [saveIdealTree] (C:\Users\Edu\AppData\Roaming\npm\node_modules\npm\node_modules\@npmcli\arborist\lib\arborist\reify.js:1405:11)
46 verbose stack     at Arborist.reify (C:\Users\Edu\AppData\Roaming\npm\node_modules\npm\node_modules\@npmcli\arborist\lib\arborist\reify.js:176:31)
46 verbose stack     at async Install.exec (C:\Users\Edu\AppData\Roaming\npm\node_modules\npm\lib\commands\install.js:149:5)
46 verbose stack     at async module.exports (C:\Users\Edu\AppData\Roaming\npm\node_modules\npm\lib\cli-entry.js:61:5)
47 verbose cwd c:\Users\Edu\www\talesludos-api\caminho-para-novo-diretorio\_npx\e5196fa6dc3cecbc
48 verbose Windows_NT 10.0.19045
49 verbose node v18.17.0
50 verbose npm  v9.8.1
51 error Cannot read properties of undefined (reading 'spec')
52 verbose exit 1
53 timing npm Completed in 412ms
54 verbose unfinished npm timer reify 1745686891213
55 verbose unfinished npm timer reify:audit 1745686891298
56 verbose unfinished npm timer auditReport:getReport 1745686891299
57 verbose unfinished npm timer reify:save 1745686891304
58 verbose code 1
59 error A complete log of this run can be found in: c:\Users\Edu\www\talesludos-api\caminho-para-novo-diretorio\_npx\e5196fa6dc3cecbc\caminho-para-novo-diretorio\_logs\2025-04-26T17_01_30_897Z-debug-0.log
