0 verbose cli C:\Program Files\nodejs\node.exe C:\Users\Edu\AppData\Roaming\npm\node_modules\npm\bin\npm-cli.js
1 info using npm@9.8.1
2 info using node@v18.17.0
3 timing npm:load:whichnode Completed in 1ms
4 timing config:load:defaults Completed in 1ms
5 timing config:load:file:C:\Users\Edu\AppData\Roaming\npm\node_modules\npm\npmrc Completed in 3ms
6 timing config:load:builtin Completed in 3ms
7 timing config:load:cli Completed in 1ms
8 timing config:load:env Completed in 1ms
9 timing config:load:file:C:\Users\Edu\www\talesludos-api\.npmrc Completed in 0ms
10 timing config:load:project Completed in 1ms
11 timing config:load:file:C:\Users\Edu\.npmrc Completed in 0ms
12 timing config:load:user Completed in 0ms
13 timing config:load:file:C:\Users\Edu\AppData\Roaming\npm\etc\npmrc Completed in 0ms
14 timing config:load:global Completed in 1ms
15 timing config:load:setEnvs Completed in 0ms
16 timing config:load Completed in 8ms
17 timing npm:load:configload Completed in 8ms
18 timing config:load:flatten Completed in 2ms
19 timing npm:load:mkdirpcache Completed in 1ms
20 timing npm:load:mkdirplogs Completed in 0ms
21 verbose title npm install express
22 verbose argv "install" "express"
23 timing npm:load:setTitle Completed in 1ms
24 timing npm:load:display Completed in 0ms
25 verbose logfile logs-max:10 dir:C:\Users\Edu\www\talesludos-api\caminho-para-novo-diretorio\_logs\2024-09-26T23_58_08_518Z-
26 verbose logfile C:\Users\Edu\www\talesludos-api\caminho-para-novo-diretorio\_logs\2024-09-26T23_58_08_518Z-debug-0.log
27 timing npm:load:logFile Completed in 8ms
28 timing npm:load:timers Completed in 0ms
29 timing npm:load:configScope Completed in 0ms
30 timing npm:load Completed in 41ms
31 timing arborist:ctor Completed in 1ms
32 timing arborist:ctor Completed in 0ms
33 silly logfile done cleaning log files
34 timing idealTree:init Completed in 10ms
35 timing idealTree:userRequests Completed in 1ms
36 silly idealTree buildDeps
37 silly fetch manifest express@*
38 http fetch GET 200 https://registry.npmjs.org/express 101ms (cache miss)
39 silly placeDep ROOT express@4.21.0 OK for: talesludos-api@1.0.0 want: *
40 silly fetch manifest qs@6.13.0
41 silly fetch manifest depd@2.0.0
42 silly fetch manifest etag@~1.8.1
43 silly fetch manifest send@0.19.0
44 silly fetch manifest vary@~1.1.2
45 silly fetch manifest debug@2.6.9
46 silly fetch manifest fresh@0.5.2
47 silly fetch manifest cookie@0.6.0
48 silly fetch manifest accepts@~1.3.8
49 silly fetch manifest methods@~1.1.2
50 silly fetch manifest type-is@~1.6.18
51 silly fetch manifest parseurl@~1.3.3
52 silly fetch manifest statuses@2.0.1
53 silly fetch manifest encodeurl@~2.0.0
54 silly fetch manifest proxy-addr@~2.0.7
55 silly fetch manifest body-parser@1.20.3
56 silly fetch manifest escape-html@~1.0.3
57 silly fetch manifest http-errors@2.0.0
58 silly fetch manifest on-finished@2.4.1
59 silly fetch manifest safe-buffer@5.2.1
60 silly fetch manifest utils-merge@1.0.1
61 silly fetch manifest content-type@~1.0.4
62 silly fetch manifest finalhandler@1.3.1
63 silly fetch manifest range-parser@~1.2.1
64 silly fetch manifest serve-static@1.16.2
65 silly fetch manifest array-flatten@1.1.1
66 silly fetch manifest path-to-regexp@0.1.10
67 silly fetch manifest setprototypeof@1.2.0
68 silly fetch manifest cookie-signature@1.0.6
69 silly fetch manifest merge-descriptors@1.0.3
70 silly fetch manifest content-disposition@0.5.4
71 http fetch GET 200 https://registry.npmjs.org/npm 206ms (cache miss)
72 http fetch GET 200 https://registry.npmjs.org/depd 81ms (cache miss)
73 http fetch GET 200 https://registry.npmjs.org/qs 84ms (cache miss)
74 http fetch GET 200 https://registry.npmjs.org/cookie 119ms (cache miss)
75 http fetch GET 200 https://registry.npmjs.org/type-is 118ms (cache miss)
76 http fetch GET 200 https://registry.npmjs.org/send 124ms (cache miss)
77 http fetch GET 200 https://registry.npmjs.org/body-parser 124ms (cache miss)
78 http fetch GET 200 https://registry.npmjs.org/vary 128ms (cache miss)
79 http fetch GET 200 https://registry.npmjs.org/accepts 128ms (cache miss)
80 http fetch GET 200 https://registry.npmjs.org/fresh 130ms (cache miss)
81 http fetch GET 200 https://registry.npmjs.org/statuses 134ms (cache miss)
82 http fetch GET 200 https://registry.npmjs.org/debug 144ms (cache miss)
83 http fetch GET 200 https://registry.npmjs.org/escape-html 141ms (cache miss)
84 http fetch GET 200 https://registry.npmjs.org/etag 152ms (cache miss)
85 http fetch GET 200 https://registry.npmjs.org/encodeurl 149ms (cache miss)
86 http fetch GET 200 https://registry.npmjs.org/safe-buffer 157ms (cache miss)
87 http fetch GET 200 https://registry.npmjs.org/proxy-addr 163ms (cache miss)
88 http fetch GET 200 https://registry.npmjs.org/utils-merge 164ms (cache miss)
89 http fetch GET 200 https://registry.npmjs.org/content-type 164ms (cache miss)
90 http fetch GET 200 https://registry.npmjs.org/on-finished 166ms (cache miss)
91 http fetch GET 200 https://registry.npmjs.org/http-errors 175ms (cache miss)
92 http fetch GET 200 https://registry.npmjs.org/range-parser 174ms (cache miss)
93 http fetch GET 200 https://registry.npmjs.org/array-flatten 188ms (cache miss)
94 http fetch GET 200 https://registry.npmjs.org/serve-static 190ms (cache miss)
95 http fetch GET 200 https://registry.npmjs.org/path-to-regexp 192ms (cache miss)
96 http fetch GET 200 https://registry.npmjs.org/parseurl 201ms (cache miss)
97 http fetch GET 200 https://registry.npmjs.org/finalhandler 200ms (cache miss)
98 http fetch GET 200 https://registry.npmjs.org/cookie-signature 197ms (cache miss)
99 http fetch GET 200 https://registry.npmjs.org/content-disposition 204ms (cache miss)
100 http fetch GET 200 https://registry.npmjs.org/merge-descriptors 205ms (cache miss)
101 http fetch GET 200 https://registry.npmjs.org/setprototypeof 206ms (cache miss)
102 http fetch GET 200 https://registry.npmjs.org/methods 1323ms (cache miss)
103 timing idealTree:#root Completed in 1438ms
104 silly placeDep ROOT accepts@1.3.8 OK for: express@4.21.0 want: ~1.3.8
105 silly fetch manifest mime-types@~2.1.34
106 silly fetch manifest negotiator@0.6.3
107 silly placeDep ROOT array-flatten@1.1.1 OK for: express@4.21.0 want: 1.1.1
108 silly placeDep ROOT body-parser@1.20.3 OK for: express@4.21.0 want: 1.20.3
109 silly fetch manifest bytes@3.1.2
110 silly fetch manifest unpipe@1.0.0
111 silly fetch manifest destroy@1.2.0
112 silly fetch manifest raw-body@2.5.2
113 silly fetch manifest iconv-lite@0.4.24
114 silly fetch manifest content-type@~1.0.5
115 silly placeDep ROOT content-disposition@0.5.4 OK for: express@4.21.0 want: 0.5.4
116 silly placeDep ROOT content-type@1.0.5 OK for: express@4.21.0 want: ~1.0.4
117 silly placeDep ROOT cookie@0.6.0 OK for: express@4.21.0 want: 0.6.0
118 silly placeDep ROOT cookie-signature@1.0.6 OK for: express@4.21.0 want: 1.0.6
119 silly placeDep ROOT debug@2.6.9 OK for: express@4.21.0 want: 2.6.9
120 silly fetch manifest ms@2.0.0
121 silly placeDep ROOT depd@2.0.0 OK for: express@4.21.0 want: 2.0.0
122 silly placeDep ROOT encodeurl@2.0.0 OK for: express@4.21.0 want: ~2.0.0
123 silly placeDep ROOT escape-html@1.0.3 OK for: express@4.21.0 want: ~1.0.3
124 silly placeDep ROOT etag@1.8.1 OK for: express@4.21.0 want: ~1.8.1
125 silly placeDep ROOT finalhandler@1.3.1 OK for: express@4.21.0 want: 1.3.1
126 silly fetch manifest unpipe@~1.0.0
127 silly placeDep ROOT fresh@0.5.2 OK for: express@4.21.0 want: 0.5.2
128 silly placeDep ROOT http-errors@2.0.0 OK for: express@4.21.0 want: 2.0.0
129 silly fetch manifest inherits@2.0.4
130 silly fetch manifest toidentifier@1.0.1
131 silly placeDep ROOT merge-descriptors@1.0.3 OK for: express@4.21.0 want: 1.0.3
132 silly placeDep ROOT methods@1.1.2 OK for: express@4.21.0 want: ~1.1.2
133 silly placeDep ROOT on-finished@2.4.1 OK for: express@4.21.0 want: 2.4.1
134 silly fetch manifest ee-first@1.1.1
135 silly placeDep ROOT parseurl@1.3.3 OK for: express@4.21.0 want: ~1.3.3
136 silly placeDep ROOT path-to-regexp@0.1.10 OK for: express@4.21.0 want: 0.1.10
137 silly placeDep ROOT proxy-addr@2.0.7 OK for: express@4.21.0 want: ~2.0.7
138 silly fetch manifest forwarded@0.2.0
139 silly fetch manifest ipaddr.js@1.9.1
140 silly placeDep ROOT qs@6.13.0 OK for: express@4.21.0 want: 6.13.0
141 silly fetch manifest side-channel@^1.0.6
142 silly placeDep ROOT range-parser@1.2.1 OK for: express@4.21.0 want: ~1.2.1
143 silly placeDep ROOT safe-buffer@5.2.1 OK for: express@4.21.0 want: 5.2.1
144 silly placeDep ROOT send@0.19.0 OK for: express@4.21.0 want: 0.19.0
145 silly fetch manifest ms@2.1.3
146 silly fetch manifest mime@1.6.0
147 silly fetch manifest encodeurl@~1.0.2
148 silly placeDep ROOT serve-static@1.16.2 OK for: express@4.21.0 want: 1.16.2
149 silly placeDep ROOT setprototypeof@1.2.0 OK for: express@4.21.0 want: 1.2.0
150 silly placeDep ROOT statuses@2.0.1 OK for: express@4.21.0 want: 2.0.1
151 silly placeDep ROOT type-is@1.6.18 OK for: express@4.21.0 want: ~1.6.18
152 silly fetch manifest mime-types@~2.1.24
153 silly fetch manifest media-typer@0.3.0
154 silly placeDep ROOT utils-merge@1.0.1 OK for: express@4.21.0 want: 1.0.1
155 silly placeDep ROOT vary@1.1.2 OK for: express@4.21.0 want: ~1.1.2
156 http fetch GET 200 https://registry.npmjs.org/iconv-lite 96ms (cache miss)
157 http fetch GET 200 https://registry.npmjs.org/unpipe 104ms (cache miss)
158 http fetch GET 200 https://registry.npmjs.org/ms 98ms (cache miss)
159 http fetch GET 200 https://registry.npmjs.org/raw-body 104ms (cache miss)
160 http fetch GET 200 https://registry.npmjs.org/ee-first 97ms (cache miss)
161 http fetch GET 200 https://registry.npmjs.org/negotiator 114ms (cache miss)
162 http fetch GET 200 https://registry.npmjs.org/ipaddr.js 98ms (cache miss)
163 http fetch GET 200 https://registry.npmjs.org/forwarded 100ms (cache miss)
164 http fetch GET 200 https://registry.npmjs.org/unpipe 107ms (cache miss)
165 http fetch GET 200 https://registry.npmjs.org/toidentifier 105ms (cache miss)
166 http fetch GET 200 https://registry.npmjs.org/inherits 106ms (cache miss)
167 http fetch GET 200 https://registry.npmjs.org/side-channel 101ms (cache miss)
168 http fetch GET 200 https://registry.npmjs.org/mime-types 121ms (cache miss)
169 http fetch GET 200 https://registry.npmjs.org/ms 100ms (cache miss)
170 http fetch GET 200 https://registry.npmjs.org/destroy 118ms (cache miss)
171 http fetch GET 200 https://registry.npmjs.org/media-typer 106ms (cache miss)
172 http fetch GET 200 https://registry.npmjs.org/mime-types 107ms (cache miss)
173 http fetch GET 200 https://registry.npmjs.org/mime 111ms (cache miss)
174 http fetch GET 200 https://registry.npmjs.org/bytes 761ms (cache miss)
175 timing idealTree:node_modules/express Completed in 777ms
176 silly placeDep ROOT mime-types@2.1.35 OK for: accepts@1.3.8 want: ~2.1.34
177 silly fetch manifest mime-db@1.52.0
178 silly placeDep ROOT negotiator@0.6.3 OK for: accepts@1.3.8 want: 0.6.3
179 http fetch GET 200 https://registry.npmjs.org/mime-db 52ms (cache miss)
180 timing idealTree:node_modules/accepts Completed in 55ms
181 timing idealTree:node_modules/array-flatten Completed in 0ms
182 silly placeDep ROOT bytes@3.1.2 OK for: body-parser@1.20.3 want: 3.1.2
183 silly placeDep ROOT destroy@1.2.0 OK for: body-parser@1.20.3 want: 1.2.0
184 silly placeDep ROOT iconv-lite@0.4.24 OK for: body-parser@1.20.3 want: 0.4.24
185 silly fetch manifest safer-buffer@>= 2.1.2 < 3
186 silly placeDep ROOT raw-body@2.5.2 OK for: body-parser@1.20.3 want: 2.5.2
187 silly placeDep ROOT unpipe@1.0.0 OK for: body-parser@1.20.3 want: 1.0.0
188 http fetch GET 200 https://registry.npmjs.org/safer-buffer 55ms (cache miss)
189 timing idealTree:node_modules/body-parser Completed in 59ms
190 timing idealTree:node_modules/bytes Completed in 0ms
191 timing idealTree:node_modules/content-disposition Completed in 0ms
192 timing idealTree:node_modules/content-type Completed in 0ms
193 timing idealTree:node_modules/cookie Completed in 0ms
194 timing idealTree:node_modules/cookie-signature Completed in 0ms
195 silly placeDep ROOT ms@2.0.0 OK for: debug@2.6.9 want: 2.0.0
196 timing idealTree:node_modules/debug Completed in 1ms
197 timing idealTree:node_modules/depd Completed in 0ms
198 timing idealTree:node_modules/destroy Completed in 0ms
199 timing idealTree:node_modules/encodeurl Completed in 0ms
200 timing idealTree:node_modules/escape-html Completed in 0ms
201 timing idealTree:node_modules/etag Completed in 0ms
202 timing idealTree:node_modules/finalhandler Completed in 0ms
203 timing idealTree:node_modules/fresh Completed in 0ms
204 silly placeDep ROOT inherits@2.0.4 OK for: http-errors@2.0.0 want: 2.0.4
205 silly placeDep ROOT toidentifier@1.0.1 OK for: http-errors@2.0.0 want: 1.0.1
206 timing idealTree:node_modules/http-errors Completed in 1ms
207 silly placeDep ROOT safer-buffer@2.1.2 OK for: iconv-lite@0.4.24 want: >= 2.1.2 < 3
208 timing idealTree:node_modules/iconv-lite Completed in 1ms
209 timing idealTree:node_modules/inherits Completed in 0ms
210 timing idealTree:node_modules/merge-descriptors Completed in 0ms
211 timing idealTree:node_modules/methods Completed in 0ms
212 silly placeDep ROOT mime-db@1.52.0 OK for: mime-types@2.1.35 want: 1.52.0
213 timing idealTree:node_modules/mime-types Completed in 1ms
214 timing idealTree:node_modules/mime-db Completed in 0ms
215 timing idealTree:node_modules/ms Completed in 0ms
216 timing idealTree:node_modules/negotiator Completed in 0ms
217 silly placeDep ROOT ee-first@1.1.1 OK for: on-finished@2.4.1 want: 1.1.1
218 timing idealTree:node_modules/on-finished Completed in 0ms
219 timing idealTree:node_modules/ee-first Completed in 0ms
220 timing idealTree:node_modules/parseurl Completed in 0ms
221 timing idealTree:node_modules/path-to-regexp Completed in 0ms
222 silly placeDep ROOT forwarded@0.2.0 OK for: proxy-addr@2.0.7 want: 0.2.0
223 silly placeDep ROOT ipaddr.js@1.9.1 OK for: proxy-addr@2.0.7 want: 1.9.1
224 timing idealTree:node_modules/proxy-addr Completed in 1ms
225 timing idealTree:node_modules/forwarded Completed in 0ms
226 timing idealTree:node_modules/ipaddr.js Completed in 0ms
227 silly placeDep ROOT side-channel@1.0.6 OK for: qs@6.13.0 want: ^1.0.6
228 silly fetch manifest call-bind@^1.0.7
229 silly fetch manifest es-errors@^1.3.0
230 silly fetch manifest get-intrinsic@^1.2.4
231 silly fetch manifest object-inspect@^1.13.1
232 http fetch GET 200 https://registry.npmjs.org/call-bind 53ms (cache miss)
233 http fetch GET 200 https://registry.npmjs.org/get-intrinsic 55ms (cache miss)
234 http fetch GET 200 https://registry.npmjs.org/es-errors 61ms (cache miss)
235 http fetch GET 200 https://registry.npmjs.org/object-inspect 60ms (cache miss)
236 timing idealTree:node_modules/qs Completed in 63ms
237 timing idealTree:node_modules/range-parser Completed in 0ms
238 timing idealTree:node_modules/raw-body Completed in 0ms
239 timing idealTree:node_modules/safe-buffer Completed in 0ms
240 timing idealTree:node_modules/safer-buffer Completed in 0ms
241 silly placeDep node_modules/send encodeurl@1.0.2 OK for: send@0.19.0 want: ~1.0.2
242 silly placeDep ROOT mime@1.6.0 OK for: send@0.19.0 want: 1.6.0
243 silly placeDep node_modules/send ms@2.1.3 OK for: send@0.19.0 want: 2.1.3
244 timing idealTree:node_modules/send Completed in 2ms
245 timing idealTree:node_modules/mime Completed in 0ms
246 timing idealTree:node_modules/serve-static Completed in 0ms
247 timing idealTree:node_modules/setprototypeof Completed in 0ms
248 silly placeDep ROOT call-bind@1.0.7 OK for: side-channel@1.0.6 want: ^1.0.7
249 silly fetch manifest es-define-property@^1.0.0
250 silly fetch manifest function-bind@^1.1.2
251 silly fetch manifest set-function-length@^1.2.1
252 silly placeDep ROOT es-errors@1.3.0 OK for: side-channel@1.0.6 want: ^1.3.0
253 silly placeDep ROOT get-intrinsic@1.2.4 OK for: side-channel@1.0.6 want: ^1.2.4
254 silly fetch manifest has-proto@^1.0.1
255 silly fetch manifest has-symbols@^1.0.3
256 silly fetch manifest hasown@^2.0.0
257 silly placeDep ROOT object-inspect@1.13.2 OK for: side-channel@1.0.6 want: ^1.13.1
258 http fetch GET 200 https://registry.npmjs.org/function-bind 42ms (cache miss)
259 http fetch GET 200 https://registry.npmjs.org/es-define-property 50ms (cache miss)
260 http fetch GET 200 https://registry.npmjs.org/has-symbols 51ms (cache miss)
261 http fetch GET 200 https://registry.npmjs.org/set-function-length 56ms (cache miss)
262 http fetch GET 200 https://registry.npmjs.org/has-proto 68ms (cache miss)
263 http fetch GET 200 https://registry.npmjs.org/hasown 66ms (cache miss)
264 timing idealTree:node_modules/side-channel Completed in 73ms
265 silly placeDep ROOT es-define-property@1.0.0 OK for: call-bind@1.0.7 want: ^1.0.0
266 silly placeDep ROOT function-bind@1.1.2 OK for: call-bind@1.0.7 want: ^1.1.2
267 silly placeDep ROOT set-function-length@1.2.2 OK for: call-bind@1.0.7 want: ^1.2.1
268 silly fetch manifest define-data-property@^1.1.4
269 silly fetch manifest gopd@^1.0.1
270 silly fetch manifest has-property-descriptors@^1.0.2
271 http fetch GET 200 https://registry.npmjs.org/has-property-descriptors 41ms (cache miss)
272 http fetch GET 200 https://registry.npmjs.org/define-data-property 70ms (cache miss)
273 http fetch GET 200 https://registry.npmjs.org/gopd 96ms (cache miss)
274 timing idealTree:node_modules/call-bind Completed in 100ms
275 timing idealTree:node_modules/es-define-property Completed in 0ms
276 timing idealTree:node_modules/es-errors Completed in 0ms
277 timing idealTree:node_modules/function-bind Completed in 0ms
278 silly placeDep ROOT has-proto@1.0.3 OK for: get-intrinsic@1.2.4 want: ^1.0.1
279 silly placeDep ROOT has-symbols@1.0.3 OK for: get-intrinsic@1.2.4 want: ^1.0.3
280 silly placeDep ROOT hasown@2.0.2 OK for: get-intrinsic@1.2.4 want: ^2.0.0
281 timing idealTree:node_modules/get-intrinsic Completed in 2ms
282 timing idealTree:node_modules/has-proto Completed in 0ms
283 timing idealTree:node_modules/has-symbols Completed in 0ms
284 timing idealTree:node_modules/hasown Completed in 0ms
285 timing idealTree:node_modules/object-inspect Completed in 0ms
286 silly placeDep ROOT define-data-property@1.1.4 OK for: set-function-length@1.2.2 want: ^1.1.4
287 silly placeDep ROOT gopd@1.0.1 OK for: set-function-length@1.2.2 want: ^1.0.1
288 silly placeDep ROOT has-property-descriptors@1.0.2 OK for: set-function-length@1.2.2 want: ^1.0.2
289 timing idealTree:node_modules/set-function-length Completed in 3ms
290 timing idealTree:node_modules/define-data-property Completed in 0ms
291 timing idealTree:node_modules/gopd Completed in 0ms
292 timing idealTree:node_modules/has-property-descriptors Completed in 0ms
293 timing idealTree:node_modules/statuses Completed in 0ms
294 timing idealTree:node_modules/toidentifier Completed in 0ms
295 silly placeDep ROOT media-typer@0.3.0 OK for: type-is@1.6.18 want: 0.3.0
296 timing idealTree:node_modules/type-is Completed in 1ms
297 timing idealTree:node_modules/media-typer Completed in 0ms
298 timing idealTree:node_modules/unpipe Completed in 0ms
299 timing idealTree:node_modules/utils-merge Completed in 0ms
300 timing idealTree:node_modules/vary Completed in 0ms
301 timing idealTree:node_modules/send/node_modules/encodeurl Completed in 0ms
302 timing idealTree:node_modules/send/node_modules/ms Completed in 0ms
303 timing idealTree:buildDeps Completed in 2581ms
304 timing idealTree:fixDepFlags Completed in 1ms
305 timing idealTree Completed in 2595ms
306 timing reify:loadTrees Completed in 2597ms
307 timing reify:diffTrees Completed in 1ms
308 silly reify moves {}
309 timing reify:retireShallow Completed in 1ms
310 timing reify:createSparse Completed in 16ms
311 timing reify:loadBundles Completed in 0ms
312 silly audit bulk request {
312 silly audit   express: [ '4.21.0' ],
312 silly audit   accepts: [ '1.3.8' ],
312 silly audit   'array-flatten': [ '1.1.1' ],
312 silly audit   'body-parser': [ '1.20.3' ],
312 silly audit   'content-disposition': [ '0.5.4' ],
312 silly audit   'content-type': [ '1.0.5' ],
312 silly audit   cookie: [ '0.6.0' ],
312 silly audit   'cookie-signature': [ '1.0.6' ],
312 silly audit   debug: [ '2.6.9' ],
312 silly audit   depd: [ '2.0.0' ],
312 silly audit   encodeurl: [ '2.0.0', '1.0.2' ],
312 silly audit   'escape-html': [ '1.0.3' ],
312 silly audit   etag: [ '1.8.1' ],
312 silly audit   finalhandler: [ '1.3.1' ],
312 silly audit   fresh: [ '0.5.2' ],
312 silly audit   'http-errors': [ '2.0.0' ],
312 silly audit   'merge-descriptors': [ '1.0.3' ],
312 silly audit   methods: [ '1.1.2' ],
312 silly audit   'on-finished': [ '2.4.1' ],
312 silly audit   parseurl: [ '1.3.3' ],
312 silly audit   'path-to-regexp': [ '0.1.10' ],
312 silly audit   'proxy-addr': [ '2.0.7' ],
312 silly audit   qs: [ '6.13.0' ],
312 silly audit   'range-parser': [ '1.2.1' ],
312 silly audit   'safe-buffer': [ '5.2.1' ],
312 silly audit   send: [ '0.19.0' ],
312 silly audit   'serve-static': [ '1.16.2' ],
312 silly audit   setprototypeof: [ '1.2.0' ],
312 silly audit   statuses: [ '2.0.1' ],
312 silly audit   'type-is': [ '1.6.18' ],
312 silly audit   'utils-merge': [ '1.0.1' ],
312 silly audit   vary: [ '1.1.2' ],
312 silly audit   'mime-types': [ '2.1.35' ],
312 silly audit   negotiator: [ '0.6.3' ],
312 silly audit   bytes: [ '3.1.2' ],
312 silly audit   destroy: [ '1.2.0' ],
312 silly audit   'iconv-lite': [ '0.4.24' ],
312 silly audit   'raw-body': [ '2.5.2' ],
312 silly audit   unpipe: [ '1.0.0' ],
312 silly audit   ms: [ '2.0.0', '2.1.3' ],
312 silly audit   inherits: [ '2.0.4' ],
312 silly audit   toidentifier: [ '1.0.1' ],
312 silly audit   'safer-buffer': [ '2.1.2' ],
312 silly audit   'mime-db': [ '1.52.0' ],
312 silly audit   'ee-first': [ '1.1.1' ],
312 silly audit   forwarded: [ '0.2.0' ],
312 silly audit   'ipaddr.js': [ '1.9.1' ],
312 silly audit   'side-channel': [ '1.0.6' ],
312 silly audit   mime: [ '1.6.0' ],
312 silly audit   'call-bind': [ '1.0.7' ],
312 silly audit   'es-errors': [ '1.3.0' ],
312 silly audit   'get-intrinsic': [ '1.2.4' ],
312 silly audit   'object-inspect': [ '1.13.2' ],
312 silly audit   'es-define-property': [ '1.0.0' ],
312 silly audit   'function-bind': [ '1.1.2' ],
312 silly audit   'set-function-length': [ '1.2.2' ],
312 silly audit   'has-proto': [ '1.0.3' ],
312 silly audit   'has-symbols': [ '1.0.3' ],
312 silly audit   hasown: [ '2.0.2' ],
312 silly audit   'define-data-property': [ '1.1.4' ],
312 silly audit   gopd: [ '1.0.1' ],
312 silly audit   'has-property-descriptors': [ '1.0.2' ],
312 silly audit   'media-typer': [ '0.3.0' ]
312 silly audit }
313 silly tarball no local data for media-typer@https://registry.npmjs.org/media-typer/-/media-typer-0.3.0.tgz. Extracting by manifest.
314 silly tarball no local data for gopd@https://registry.npmjs.org/gopd/-/gopd-1.0.1.tgz. Extracting by manifest.
315 silly tarball no local data for define-data-property@https://registry.npmjs.org/define-data-property/-/define-data-property-1.1.4.tgz. Extracting by manifest.
316 silly tarball no local data for has-property-descriptors@https://registry.npmjs.org/has-property-descriptors/-/has-property-descriptors-1.0.2.tgz. Extracting by manifest.
317 silly tarball no local data for hasown@https://registry.npmjs.org/hasown/-/hasown-2.0.2.tgz. Extracting by manifest.
318 silly tarball no local data for has-symbols@https://registry.npmjs.org/has-symbols/-/has-symbols-1.0.3.tgz. Extracting by manifest.
319 silly tarball no local data for has-proto@https://registry.npmjs.org/has-proto/-/has-proto-1.0.3.tgz. Extracting by manifest.
320 silly tarball no local data for function-bind@https://registry.npmjs.org/function-bind/-/function-bind-1.1.2.tgz. Extracting by manifest.
321 silly tarball no local data for es-define-property@https://registry.npmjs.org/es-define-property/-/es-define-property-1.0.0.tgz. Extracting by manifest.
322 silly tarball no local data for set-function-length@https://registry.npmjs.org/set-function-length/-/set-function-length-1.2.2.tgz. Extracting by manifest.
323 silly tarball no local data for object-inspect@https://registry.npmjs.org/object-inspect/-/object-inspect-1.13.2.tgz. Extracting by manifest.
324 silly tarball no local data for get-intrinsic@https://registry.npmjs.org/get-intrinsic/-/get-intrinsic-1.2.4.tgz. Extracting by manifest.
325 silly tarball no local data for es-errors@https://registry.npmjs.org/es-errors/-/es-errors-1.3.0.tgz. Extracting by manifest.
326 silly tarball no local data for side-channel@https://registry.npmjs.org/side-channel/-/side-channel-1.0.6.tgz. Extracting by manifest.
327 silly tarball no local data for call-bind@https://registry.npmjs.org/call-bind/-/call-bind-1.0.7.tgz. Extracting by manifest.
328 silly tarball no local data for mime@https://registry.npmjs.org/mime/-/mime-1.6.0.tgz. Extracting by manifest.
329 silly tarball no local data for forwarded@https://registry.npmjs.org/forwarded/-/forwarded-0.2.0.tgz. Extracting by manifest.
330 silly tarball no local data for ipaddr.js@https://registry.npmjs.org/ipaddr.js/-/ipaddr.js-1.9.1.tgz. Extracting by manifest.
331 silly tarball no local data for ee-first@https://registry.npmjs.org/ee-first/-/ee-first-1.1.1.tgz. Extracting by manifest.
332 silly tarball no local data for safer-buffer@https://registry.npmjs.org/safer-buffer/-/safer-buffer-2.1.2.tgz. Extracting by manifest.
333 silly tarball no local data for mime-db@https://registry.npmjs.org/mime-db/-/mime-db-1.52.0.tgz. Extracting by manifest.
334 silly tarball no local data for toidentifier@https://registry.npmjs.org/toidentifier/-/toidentifier-1.0.1.tgz. Extracting by manifest.
335 silly tarball no local data for inherits@https://registry.npmjs.org/inherits/-/inherits-2.0.4.tgz. Extracting by manifest.
336 silly tarball no local data for ms@https://registry.npmjs.org/ms/-/ms-2.0.0.tgz. Extracting by manifest.
337 silly tarball no local data for unpipe@https://registry.npmjs.org/unpipe/-/unpipe-1.0.0.tgz. Extracting by manifest.
338 silly tarball no local data for raw-body@https://registry.npmjs.org/raw-body/-/raw-body-2.5.2.tgz. Extracting by manifest.
339 silly tarball no local data for destroy@https://registry.npmjs.org/destroy/-/destroy-1.2.0.tgz. Extracting by manifest.
340 silly tarball no local data for iconv-lite@https://registry.npmjs.org/iconv-lite/-/iconv-lite-0.4.24.tgz. Extracting by manifest.
341 silly tarball no local data for bytes@https://registry.npmjs.org/bytes/-/bytes-3.1.2.tgz. Extracting by manifest.
342 silly tarball no local data for mime-types@https://registry.npmjs.org/mime-types/-/mime-types-2.1.35.tgz. Extracting by manifest.
343 silly tarball no local data for negotiator@https://registry.npmjs.org/negotiator/-/negotiator-0.6.3.tgz. Extracting by manifest.
344 silly tarball no local data for vary@https://registry.npmjs.org/vary/-/vary-1.1.2.tgz. Extracting by manifest.
345 silly tarball no local data for utils-merge@https://registry.npmjs.org/utils-merge/-/utils-merge-1.0.1.tgz. Extracting by manifest.
346 silly tarball no local data for statuses@https://registry.npmjs.org/statuses/-/statuses-2.0.1.tgz. Extracting by manifest.
347 silly tarball no local data for type-is@https://registry.npmjs.org/type-is/-/type-is-1.6.18.tgz. Extracting by manifest.
348 silly tarball no local data for setprototypeof@https://registry.npmjs.org/setprototypeof/-/setprototypeof-1.2.0.tgz. Extracting by manifest.
349 silly tarball no local data for serve-static@https://registry.npmjs.org/serve-static/-/serve-static-1.16.2.tgz. Extracting by manifest.
350 silly tarball no local data for send@https://registry.npmjs.org/send/-/send-0.19.0.tgz. Extracting by manifest.
351 silly tarball no local data for safe-buffer@https://registry.npmjs.org/safe-buffer/-/safe-buffer-5.2.1.tgz. Extracting by manifest.
352 silly tarball no local data for qs@https://registry.npmjs.org/qs/-/qs-6.13.0.tgz. Extracting by manifest.
353 silly tarball no local data for proxy-addr@https://registry.npmjs.org/proxy-addr/-/proxy-addr-2.0.7.tgz. Extracting by manifest.
354 silly tarball no local data for range-parser@https://registry.npmjs.org/range-parser/-/range-parser-1.2.1.tgz. Extracting by manifest.
355 silly tarball no local data for parseurl@https://registry.npmjs.org/parseurl/-/parseurl-1.3.3.tgz. Extracting by manifest.
356 silly tarball no local data for on-finished@https://registry.npmjs.org/on-finished/-/on-finished-2.4.1.tgz. Extracting by manifest.
357 silly tarball no local data for path-to-regexp@https://registry.npmjs.org/path-to-regexp/-/path-to-regexp-0.1.10.tgz. Extracting by manifest.
358 silly tarball no local data for merge-descriptors@https://registry.npmjs.org/merge-descriptors/-/merge-descriptors-1.0.3.tgz. Extracting by manifest.
359 silly tarball no local data for methods@https://registry.npmjs.org/methods/-/methods-1.1.2.tgz. Extracting by manifest.
360 silly tarball no local data for http-errors@https://registry.npmjs.org/http-errors/-/http-errors-2.0.0.tgz. Extracting by manifest.
361 silly tarball no local data for finalhandler@https://registry.npmjs.org/finalhandler/-/finalhandler-1.3.1.tgz. Extracting by manifest.
362 silly tarball no local data for fresh@https://registry.npmjs.org/fresh/-/fresh-0.5.2.tgz. Extracting by manifest.
363 silly tarball no local data for escape-html@https://registry.npmjs.org/escape-html/-/escape-html-1.0.3.tgz. Extracting by manifest.
364 silly tarball no local data for etag@https://registry.npmjs.org/etag/-/etag-1.8.1.tgz. Extracting by manifest.
365 silly tarball no local data for encodeurl@https://registry.npmjs.org/encodeurl/-/encodeurl-2.0.0.tgz. Extracting by manifest.
366 silly tarball no local data for depd@https://registry.npmjs.org/depd/-/depd-2.0.0.tgz. Extracting by manifest.
367 silly tarball no local data for debug@https://registry.npmjs.org/debug/-/debug-2.6.9.tgz. Extracting by manifest.
368 silly tarball no local data for cookie-signature@https://registry.npmjs.org/cookie-signature/-/cookie-signature-1.0.6.tgz. Extracting by manifest.
369 silly tarball no local data for cookie@https://registry.npmjs.org/cookie/-/cookie-0.6.0.tgz. Extracting by manifest.
370 silly tarball no local data for body-parser@https://registry.npmjs.org/body-parser/-/body-parser-1.20.3.tgz. Extracting by manifest.
371 silly tarball no local data for content-type@https://registry.npmjs.org/content-type/-/content-type-1.0.5.tgz. Extracting by manifest.
372 silly tarball no local data for array-flatten@https://registry.npmjs.org/array-flatten/-/array-flatten-1.1.1.tgz. Extracting by manifest.
373 silly tarball no local data for content-disposition@https://registry.npmjs.org/content-disposition/-/content-disposition-0.5.4.tgz. Extracting by manifest.
374 silly tarball no local data for express@https://registry.npmjs.org/express/-/express-4.21.0.tgz. Extracting by manifest.
375 silly tarball no local data for ms@https://registry.npmjs.org/ms/-/ms-2.1.3.tgz. Extracting by manifest.
376 silly tarball no local data for accepts@https://registry.npmjs.org/accepts/-/accepts-1.3.8.tgz. Extracting by manifest.
377 silly tarball no local data for encodeurl@https://registry.npmjs.org/encodeurl/-/encodeurl-1.0.2.tgz. Extracting by manifest.
378 http fetch GET 200 https://registry.npmjs.org/gopd/-/gopd-1.0.1.tgz 109ms (cache miss)
379 http fetch GET 200 https://registry.npmjs.org/media-typer/-/media-typer-0.3.0.tgz 112ms (cache miss)
380 http fetch GET 200 https://registry.npmjs.org/has-property-descriptors/-/has-property-descriptors-1.0.2.tgz 112ms (cache miss)
381 timing reifyNode:node_modules/media-typer Completed in 134ms
382 timing reifyNode:node_modules/gopd Completed in 147ms
383 http fetch GET 200 https://registry.npmjs.org/hasown/-/hasown-2.0.2.tgz 129ms (cache miss)
384 http fetch GET 200 https://registry.npmjs.org/get-intrinsic/-/get-intrinsic-1.2.4.tgz 130ms (cache miss)
385 timing reifyNode:node_modules/hasown Completed in 156ms
386 http fetch GET 200 https://registry.npmjs.org/has-proto/-/has-proto-1.0.3.tgz 137ms (cache miss)
387 timing reifyNode:node_modules/get-intrinsic Completed in 161ms
388 timing reifyNode:node_modules/has-proto Completed in 161ms
389 timing reifyNode:node_modules/has-property-descriptors Completed in 161ms
390 http fetch GET 200 https://registry.npmjs.org/define-data-property/-/define-data-property-1.1.4.tgz 151ms (cache miss)
391 http fetch GET 200 https://registry.npmjs.org/ee-first/-/ee-first-1.1.1.tgz 145ms (cache miss)
392 timing reifyNode:node_modules/ee-first Completed in 173ms
393 timing reifyNode:node_modules/define-data-property Completed in 175ms
394 http fetch GET 200 https://registry.npmjs.org/ipaddr.js/-/ipaddr.js-1.9.1.tgz 149ms (cache miss)
395 timing reifyNode:node_modules/ipaddr.js Completed in 180ms
396 http fetch GET 200 https://registry.npmjs.org/function-bind/-/function-bind-1.1.2.tgz 159ms (cache miss)
397 timing reifyNode:node_modules/function-bind Completed in 182ms
398 http fetch GET 200 https://registry.npmjs.org/forwarded/-/forwarded-0.2.0.tgz 159ms (cache miss)
399 timing reifyNode:node_modules/forwarded Completed in 187ms
400 http fetch GET 200 https://registry.npmjs.org/has-symbols/-/has-symbols-1.0.3.tgz 166ms (cache miss)
401 timing reifyNode:node_modules/has-symbols Completed in 188ms
402 http fetch GET 200 https://registry.npmjs.org/set-function-length/-/set-function-length-1.2.2.tgz 166ms (cache miss)
403 http fetch GET 200 https://registry.npmjs.org/inherits/-/inherits-2.0.4.tgz 157ms (cache miss)
404 timing reifyNode:node_modules/inherits Completed in 191ms
405 timing reifyNode:node_modules/set-function-length Completed in 193ms
406 http fetch GET 200 https://registry.npmjs.org/safer-buffer/-/safer-buffer-2.1.2.tgz 161ms (cache miss)
407 timing reifyNode:node_modules/safer-buffer Completed in 193ms
408 http fetch GET 200 https://registry.npmjs.org/destroy/-/destroy-1.2.0.tgz 163ms (cache miss)
409 timing reifyNode:node_modules/destroy Completed in 198ms
410 http fetch GET 200 https://registry.npmjs.org/side-channel/-/side-channel-1.0.6.tgz 179ms (cache miss)
411 timing reifyNode:node_modules/side-channel Completed in 208ms
412 http fetch GET 200 https://registry.npmjs.org/mime-db/-/mime-db-1.52.0.tgz 201ms (cache miss)
413 timing reifyNode:node_modules/mime-db Completed in 236ms
414 http fetch GET 200 https://registry.npmjs.org/toidentifier/-/toidentifier-1.0.1.tgz 205ms (cache miss)
415 http fetch GET 200 https://registry.npmjs.org/unpipe/-/unpipe-1.0.0.tgz 205ms (cache miss)
416 http fetch GET 200 https://registry.npmjs.org/call-bind/-/call-bind-1.0.7.tgz 212ms (cache miss)
417 timing reifyNode:node_modules/toidentifier Completed in 238ms
418 http fetch GET 200 https://registry.npmjs.org/mime/-/mime-1.6.0.tgz 213ms (cache miss)
419 timing reifyNode:node_modules/mime Completed in 240ms
420 http fetch GET 200 https://registry.npmjs.org/utils-merge/-/utils-merge-1.0.1.tgz 204ms (cache miss)
421 http fetch GET 200 https://registry.npmjs.org/mime-types/-/mime-types-2.1.35.tgz 205ms (cache miss)
422 timing reifyNode:node_modules/unpipe Completed in 241ms
423 timing reifyNode:node_modules/call-bind Completed in 242ms
424 http fetch GET 200 https://registry.npmjs.org/raw-body/-/raw-body-2.5.2.tgz 208ms (cache miss)
425 timing reifyNode:node_modules/raw-body Completed in 241ms
426 timing reifyNode:node_modules/utils-merge Completed in 242ms
427 timing reifyNode:node_modules/mime-types Completed in 242ms
428 http fetch GET 200 https://registry.npmjs.org/ms/-/ms-2.0.0.tgz 210ms (cache miss)
429 timing reifyNode:node_modules/ms Completed in 243ms
430 http fetch GET 200 https://registry.npmjs.org/setprototypeof/-/setprototypeof-1.2.0.tgz 205ms (cache miss)
431 http fetch GET 200 https://registry.npmjs.org/bytes/-/bytes-3.1.2.tgz 209ms (cache miss)
432 timing reifyNode:node_modules/bytes Completed in 246ms
433 http fetch GET 200 https://registry.npmjs.org/vary/-/vary-1.1.2.tgz 210ms (cache miss)
434 http fetch GET 200 https://registry.npmjs.org/es-errors/-/es-errors-1.3.0.tgz 225ms (cache miss)
435 timing reifyNode:node_modules/vary Completed in 251ms
436 http fetch POST 200 https://registry.npmjs.org/-/npm/v1/security/advisories/bulk 253ms
437 timing auditReport:getReport Completed in 256ms
438 silly audit report {}
439 timing auditReport:init Completed in 0ms
440 timing reify:audit Completed in 257ms
441 timing reifyNode:node_modules/es-errors Completed in 253ms
442 http fetch GET 200 https://registry.npmjs.org/statuses/-/statuses-2.0.1.tgz 216ms (cache miss)
443 timing reifyNode:node_modules/setprototypeof Completed in 253ms
444 timing reifyNode:node_modules/statuses Completed in 255ms
445 http fetch GET 200 https://registry.npmjs.org/negotiator/-/negotiator-0.6.3.tgz 221ms (cache miss)
446 timing reifyNode:node_modules/negotiator Completed in 257ms
447 http fetch GET 200 https://registry.npmjs.org/proxy-addr/-/proxy-addr-2.0.7.tgz 222ms (cache miss)
448 timing reifyNode:node_modules/proxy-addr Completed in 271ms
449 http fetch GET 200 https://registry.npmjs.org/serve-static/-/serve-static-1.16.2.tgz 235ms (cache miss)
450 timing reifyNode:node_modules/serve-static Completed in 273ms
451 http fetch GET 200 https://registry.npmjs.org/es-define-property/-/es-define-property-1.0.0.tgz 250ms (cache miss)
452 timing reifyNode:node_modules/es-define-property Completed in 275ms
453 http fetch GET 200 https://registry.npmjs.org/range-parser/-/range-parser-1.2.1.tgz 235ms (cache miss)
454 http fetch GET 200 https://registry.npmjs.org/type-is/-/type-is-1.6.18.tgz 239ms (cache miss)
455 http fetch GET 200 https://registry.npmjs.org/merge-descriptors/-/merge-descriptors-1.0.3.tgz 234ms (cache miss)
456 timing reifyNode:node_modules/range-parser Completed in 278ms
457 timing reifyNode:node_modules/merge-descriptors Completed in 277ms
458 timing reifyNode:node_modules/type-is Completed in 279ms
459 http fetch GET 200 https://registry.npmjs.org/object-inspect/-/object-inspect-1.13.2.tgz 267ms (cache miss)
460 timing reifyNode:node_modules/object-inspect Completed in 293ms
461 http fetch GET 200 https://registry.npmjs.org/path-to-regexp/-/path-to-regexp-0.1.10.tgz 285ms (cache miss)
462 timing reifyNode:node_modules/path-to-regexp Completed in 328ms
463 http fetch GET 200 https://registry.npmjs.org/methods/-/methods-1.1.2.tgz 286ms (cache miss)
464 http fetch GET 200 https://registry.npmjs.org/http-errors/-/http-errors-2.0.0.tgz 286ms (cache miss)
465 http fetch GET 200 https://registry.npmjs.org/depd/-/depd-2.0.0.tgz 278ms (cache miss)
466 http fetch GET 200 https://registry.npmjs.org/escape-html/-/escape-html-1.0.3.tgz 284ms (cache miss)
467 timing reifyNode:node_modules/escape-html Completed in 329ms
468 http fetch GET 200 https://registry.npmjs.org/fresh/-/fresh-0.5.2.tgz 286ms (cache miss)
469 timing reifyNode:node_modules/fresh Completed in 330ms
470 timing reifyNode:node_modules/methods Completed in 332ms
471 timing reifyNode:node_modules/http-errors Completed in 331ms
472 http fetch GET 200 https://registry.npmjs.org/send/-/send-0.19.0.tgz 296ms (cache miss)
473 http fetch GET 200 https://registry.npmjs.org/finalhandler/-/finalhandler-1.3.1.tgz 293ms (cache miss)
474 http fetch GET 200 https://registry.npmjs.org/iconv-lite/-/iconv-lite-0.4.24.tgz 302ms (cache miss)
475 timing reifyNode:node_modules/iconv-lite Completed in 337ms
476 http fetch GET 200 https://registry.npmjs.org/parseurl/-/parseurl-1.3.3.tgz 296ms (cache miss)
477 timing reifyNode:node_modules/parseurl Completed in 337ms
478 http fetch GET 200 https://registry.npmjs.org/encodeurl/-/encodeurl-2.0.0.tgz 291ms (cache miss)
479 timing reifyNode:node_modules/encodeurl Completed in 336ms
480 timing reifyNode:node_modules/finalhandler Completed in 336ms
481 timing reifyNode:node_modules/send Completed in 337ms
482 http fetch GET 200 https://registry.npmjs.org/etag/-/etag-1.8.1.tgz 293ms (cache miss)
483 timing reifyNode:node_modules/etag Completed in 337ms
484 http fetch GET 200 https://registry.npmjs.org/safe-buffer/-/safe-buffer-5.2.1.tgz 299ms (cache miss)
485 timing reifyNode:node_modules/safe-buffer Completed in 338ms
486 timing reifyNode:node_modules/depd Completed in 338ms
487 http fetch GET 200 https://registry.npmjs.org/on-finished/-/on-finished-2.4.1.tgz 298ms (cache miss)
488 timing reifyNode:node_modules/on-finished Completed in 339ms
489 http fetch GET 200 https://registry.npmjs.org/content-type/-/content-type-1.0.5.tgz 292ms (cache miss)
490 timing reifyNode:node_modules/content-type Completed in 345ms
491 http fetch GET 200 https://registry.npmjs.org/cookie/-/cookie-0.6.0.tgz 307ms (cache miss)
492 http fetch GET 200 https://registry.npmjs.org/ms/-/ms-2.1.3.tgz 306ms (cache miss)
493 timing reifyNode:node_modules/cookie Completed in 361ms
494 timing reifyNode:node_modules/send/node_modules/ms Completed in 362ms
495 http fetch GET 200 https://registry.npmjs.org/qs/-/qs-6.13.0.tgz 323ms (cache miss)
496 timing reifyNode:node_modules/qs Completed in 363ms
497 http fetch GET 200 https://registry.npmjs.org/cookie-signature/-/cookie-signature-1.0.6.tgz 313ms (cache miss)
498 http fetch GET 200 https://registry.npmjs.org/debug/-/debug-2.6.9.tgz 317ms (cache miss)
499 timing reifyNode:node_modules/cookie-signature Completed in 367ms
500 http fetch GET 200 https://registry.npmjs.org/accepts/-/accepts-1.3.8.tgz 313ms (cache miss)
501 http fetch GET 200 https://registry.npmjs.org/encodeurl/-/encodeurl-1.0.2.tgz 313ms (cache miss)
502 timing reifyNode:node_modules/send/node_modules/encodeurl Completed in 369ms
503 timing reifyNode:node_modules/debug Completed in 369ms
504 timing reifyNode:node_modules/accepts Completed in 369ms
505 http fetch GET 200 https://registry.npmjs.org/array-flatten/-/array-flatten-1.1.1.tgz 316ms (cache miss)
506 timing reifyNode:node_modules/array-flatten Completed in 369ms
507 http fetch GET 200 https://registry.npmjs.org/content-disposition/-/content-disposition-0.5.4.tgz 316ms (cache miss)
508 timing reifyNode:node_modules/content-disposition Completed in 369ms
509 http fetch GET 200 https://registry.npmjs.org/body-parser/-/body-parser-1.20.3.tgz 322ms (cache miss)
510 timing reifyNode:node_modules/body-parser Completed in 374ms
511 http fetch GET 200 https://registry.npmjs.org/express/-/express-4.21.0.tgz 332ms (cache miss)
512 timing reifyNode:node_modules/express Completed in 386ms
513 timing reify:unpack Completed in 389ms
514 timing reify:unretire Completed in 1ms
515 timing build:queue Completed in 1ms
516 timing build:link:node_modules/mime Completed in 3ms
517 timing build:link Completed in 3ms
518 timing build:deps Completed in 5ms
519 timing build Completed in 5ms
520 timing reify:build Completed in 5ms
521 timing reify:trash Completed in 0ms
522 timing reify:save Completed in 14ms
523 timing reify Completed in 3075ms
524 silly ADD node_modules/media-typer
525 silly ADD node_modules/has-property-descriptors
526 silly ADD node_modules/gopd
527 silly ADD node_modules/define-data-property
528 silly ADD node_modules/hasown
529 silly ADD node_modules/has-symbols
530 silly ADD node_modules/has-proto
531 silly ADD node_modules/set-function-length
532 silly ADD node_modules/function-bind
533 silly ADD node_modules/es-define-property
534 silly ADD node_modules/object-inspect
535 silly ADD node_modules/get-intrinsic
536 silly ADD node_modules/es-errors
537 silly ADD node_modules/call-bind
538 silly ADD node_modules/mime
539 silly ADD node_modules/side-channel
540 silly ADD node_modules/ipaddr.js
541 silly ADD node_modules/forwarded
542 silly ADD node_modules/ee-first
543 silly ADD node_modules/mime-db
544 silly ADD node_modules/safer-buffer
545 silly ADD node_modules/toidentifier
546 silly ADD node_modules/inherits
547 silly ADD node_modules/ms
548 silly ADD node_modules/unpipe
549 silly ADD node_modules/raw-body
550 silly ADD node_modules/iconv-lite
551 silly ADD node_modules/destroy
552 silly ADD node_modules/bytes
553 silly ADD node_modules/negotiator
554 silly ADD node_modules/mime-types
555 silly ADD node_modules/vary
556 silly ADD node_modules/utils-merge
557 silly ADD node_modules/type-is
558 silly ADD node_modules/statuses
559 silly ADD node_modules/setprototypeof
560 silly ADD node_modules/serve-static
561 silly ADD node_modules/send
562 silly ADD node_modules/send/node_modules/ms
563 silly ADD node_modules/send/node_modules/encodeurl
564 silly ADD node_modules/safe-buffer
565 silly ADD node_modules/range-parser
566 silly ADD node_modules/qs
567 silly ADD node_modules/proxy-addr
568 silly ADD node_modules/path-to-regexp
569 silly ADD node_modules/parseurl
570 silly ADD node_modules/on-finished
571 silly ADD node_modules/methods
572 silly ADD node_modules/merge-descriptors
573 silly ADD node_modules/http-errors
574 silly ADD node_modules/fresh
575 silly ADD node_modules/finalhandler
576 silly ADD node_modules/etag
577 silly ADD node_modules/escape-html
578 silly ADD node_modules/encodeurl
579 silly ADD node_modules/depd
580 silly ADD node_modules/debug
581 silly ADD node_modules/cookie-signature
582 silly ADD node_modules/cookie
583 silly ADD node_modules/content-type
584 silly ADD node_modules/content-disposition
585 silly ADD node_modules/body-parser
586 silly ADD node_modules/array-flatten
587 silly ADD node_modules/accepts
588 silly ADD node_modules/express
589 timing command:install Completed in 3082ms
590 notice
590 notice New [31mmajor[39m version of npm available! [31m9.8.1[39m -> [32m10.8.3[39m
590 notice Changelog: [36mhttps://github.com/npm/cli/releases/tag/v10.8.3[39m
590 notice Run [32mnpm install -g npm@10.8.3[39m to update!
590 notice
591 verbose exit 0
592 timing npm Completed in 3368ms
593 info ok
