0 verbose cli C:\Program Files\nodejs\node.exe C:\Users\Edu\AppData\Roaming\npm\node_modules\npm\bin\npm-cli.js
1 info using npm@9.8.1
2 info using node@v18.17.0
3 timing npm:load:whichnode Completed in 2ms
4 timing config:load:defaults Completed in 3ms
5 timing config:load:file:C:\Users\Edu\AppData\Roaming\npm\node_modules\npm\npmrc Completed in 2ms
6 timing config:load:builtin Completed in 2ms
7 timing config:load:cli Completed in 2ms
8 timing config:load:env Completed in 1ms
9 timing config:load:file:C:\Users\Edu\www\talesludos-api\.npmrc Completed in 0ms
10 timing config:load:project Completed in 1ms
11 timing config:load:file:C:\Users\Edu\.npmrc Completed in 1ms
12 timing config:load:user Completed in 1ms
13 timing config:load:file:C:\Users\Edu\AppData\Roaming\npm\etc\npmrc Completed in 0ms
14 timing config:load:global Completed in 0ms
15 timing config:load:setEnvs Completed in 1ms
16 timing config:load Completed in 11ms
17 timing npm:load:configload Completed in 11ms
18 timing config:load:flatten Completed in 2ms
19 timing npm:load:mkdirpcache Completed in 0ms
20 timing npm:load:mkdirplogs Completed in 1ms
21 verbose title npm install body-parser
22 verbose argv "install" "--save" "body-parser"
23 timing npm:load:setTitle Completed in 1ms
24 timing npm:load:display Completed in 0ms
25 verbose logfile logs-max:10 dir:C:\Users\Edu\www\talesludos-api\caminho-para-novo-diretorio\_logs\2024-09-27T00_32_21_645Z-
26 verbose logfile C:\Users\Edu\www\talesludos-api\caminho-para-novo-diretorio\_logs\2024-09-27T00_32_21_645Z-debug-0.log
27 timing npm:load:logFile Completed in 8ms
28 timing npm:load:timers Completed in 1ms
29 timing npm:load:configScope Completed in 0ms
30 timing npm:load Completed in 51ms
31 timing arborist:ctor Completed in 1ms
32 silly logfile done cleaning log files
33 timing idealTree:init Completed in 44ms
34 timing idealTree:userRequests Completed in 1ms
35 silly idealTree buildDeps
36 silly fetch manifest body-parser@*
37 timing arborist:ctor Completed in 0ms
38 http fetch GET 200 https://registry.npmjs.org/body-parser 178ms (cache revalidated)
39 silly placeDep ROOT body-parser@1.20.3 REPLACE for: talesludos-api@1.0.0 want: *
40 timing idealTree:#root Completed in 185ms
41 timing idealTree:node_modules/body-parser Completed in 1ms
42 timing idealTree:buildDeps Completed in 186ms
43 timing idealTree:fixDepFlags Completed in 0ms
44 timing idealTree Completed in 234ms
45 timing reify:loadTrees Completed in 235ms
46 timing reify:diffTrees Completed in 3ms
47 silly reify moves {}
48 timing reify:retireShallow Completed in 1ms
49 timing reify:createSparse Completed in 0ms
50 timing reify:loadBundles Completed in 0ms
51 silly audit bulk request {
51 silly audit   accepts: [ '1.3.8' ],
51 silly audit   'array-flatten': [ '1.1.1' ],
51 silly audit   bytes: [ '3.1.2' ],
51 silly audit   'call-bind': [ '1.0.7' ],
51 silly audit   'content-disposition': [ '0.5.4' ],
51 silly audit   'content-type': [ '1.0.5' ],
51 silly audit   cookie: [ '0.6.0' ],
51 silly audit   'cookie-signature': [ '1.0.6' ],
51 silly audit   debug: [ '2.6.9' ],
51 silly audit   'define-data-property': [ '1.1.4' ],
51 silly audit   depd: [ '2.0.0' ],
51 silly audit   destroy: [ '1.2.0' ],
51 silly audit   'ee-first': [ '1.1.1' ],
51 silly audit   encodeurl: [ '2.0.0', '1.0.2' ],
51 silly audit   'es-define-property': [ '1.0.0' ],
51 silly audit   'es-errors': [ '1.3.0' ],
51 silly audit   'escape-html': [ '1.0.3' ],
51 silly audit   etag: [ '1.8.1' ],
51 silly audit   express: [ '4.21.0' ],
51 silly audit   finalhandler: [ '1.3.1' ],
51 silly audit   forwarded: [ '0.2.0' ],
51 silly audit   fresh: [ '0.5.2' ],
51 silly audit   'function-bind': [ '1.1.2' ],
51 silly audit   'get-intrinsic': [ '1.2.4' ],
51 silly audit   gopd: [ '1.0.1' ],
51 silly audit   'has-property-descriptors': [ '1.0.2' ],
51 silly audit   'has-proto': [ '1.0.3' ],
51 silly audit   'has-symbols': [ '1.0.3' ],
51 silly audit   hasown: [ '2.0.2' ],
51 silly audit   'http-errors': [ '2.0.0' ],
51 silly audit   'iconv-lite': [ '0.4.24' ],
51 silly audit   inherits: [ '2.0.4' ],
51 silly audit   'ipaddr.js': [ '1.9.1' ],
51 silly audit   'media-typer': [ '0.3.0' ],
51 silly audit   'merge-descriptors': [ '1.0.3' ],
51 silly audit   methods: [ '1.1.2' ],
51 silly audit   mime: [ '1.6.0' ],
51 silly audit   'mime-db': [ '1.52.0' ],
51 silly audit   'mime-types': [ '2.1.35' ],
51 silly audit   ms: [ '2.0.0', '2.1.3' ],
51 silly audit   negotiator: [ '0.6.3' ],
51 silly audit   'object-inspect': [ '1.13.2' ],
51 silly audit   'on-finished': [ '2.4.1' ],
51 silly audit   parseurl: [ '1.3.3' ],
51 silly audit   'path-to-regexp': [ '0.1.10' ],
51 silly audit   'proxy-addr': [ '2.0.7' ],
51 silly audit   qs: [ '6.13.0' ],
51 silly audit   'range-parser': [ '1.2.1' ],
51 silly audit   'raw-body': [ '2.5.2' ],
51 silly audit   'safe-buffer': [ '5.2.1' ],
51 silly audit   'safer-buffer': [ '2.1.2' ],
51 silly audit   send: [ '0.19.0' ],
51 silly audit   'serve-static': [ '1.16.2' ],
51 silly audit   'set-function-length': [ '1.2.2' ],
51 silly audit   setprototypeof: [ '1.2.0' ],
51 silly audit   'side-channel': [ '1.0.6' ],
51 silly audit   statuses: [ '2.0.1' ],
51 silly audit   toidentifier: [ '1.0.1' ],
51 silly audit   'type-is': [ '1.6.18' ],
51 silly audit   unpipe: [ '1.0.0' ],
51 silly audit   'utils-merge': [ '1.0.1' ],
51 silly audit   vary: [ '1.1.2' ],
51 silly audit   'body-parser': [ '1.20.3' ]
51 silly audit }
52 timing reify:unpack Completed in 0ms
53 timing reify:unretire Completed in 0ms
54 timing build:queue Completed in 0ms
55 timing build:deps Completed in 0ms
56 timing build Completed in 0ms
57 timing reify:build Completed in 0ms
58 timing reify:trash Completed in 0ms
59 timing reify:save Completed in 17ms
60 http fetch POST 200 https://registry.npmjs.org/-/npm/v1/security/advisories/bulk 230ms
61 timing auditReport:getReport Completed in 233ms
62 silly audit report {}
63 timing auditReport:init Completed in 0ms
64 timing reify:audit Completed in 233ms
65 timing reify Completed in 478ms
66 timing command:install Completed in 484ms
67 verbose exit 0
68 timing npm Completed in 840ms
69 info ok
